<?xml version="1.0" encoding="UTF-8"?>
<!-- Generated by org.testng.reporters.JUnitXMLReporter -->
<testsuite hostname="LAPTOP-VUKRU3VR" ignored="0" name="Test" tests="5" failures="0" timestamp="12 Jun 2020 20:17:13 GMT" time="43.086" errors="0">
  <testcase name="logintoApp" time="1.518" classname="com.testcases.loginPagetc"/>
  <testcase name="logoutApp" time="1.62" classname="com.testcases.loginPagetc"/>
  <testcase name="calculatorAdd" time="2.4" classname="com.testcases.calculatorTc"/>
  <testcase name="windowAlert" time="1.816" classname="com.testcases.alertPagetc"/>
  <testcase name="invalidlog" time="0.794" classname="com.testcases.loginPagetc"/>
</testsuite> <!-- Test -->
