<?xml version="1.0" encoding="UTF-8"?>
<!-- Generated by org.testng.reporters.JUnitXMLReporter -->
<testsuite hostname="LAPTOP-VUKRU3VR" name="Test2" tests="3" failures="0" timestamp="16 Jun 2020 00:50:04 GMT" time="25.226" errors="0">
  <testcase name="logintoApp" time="1.489" classname="com.testcases.loginPagetc"/>
  <testcase name="logoutApp" time="1.566" classname="com.testcases.loginPagetc"/>
  <testcase name="invalidlog" time="0.881" classname="com.testcases.loginPagetc"/>
</testsuite> <!-- Test2 -->
