<?xml version="1.0" encoding="UTF-8"?>
<!-- Generated by org.testng.reporters.JUnitXMLReporter -->
<testsuite hostname="LAPTOP-VUKRU3VR" name="Test" tests="5" failures="0" timestamp="16 Jun 2020 05:51:01 GMT" time="43.875" errors="0">
  <testcase name="calculatorAdd" time="2.13" classname="com.testcases.calculatorTc"/>
  <testcase name="windowAlert" time="1.852" classname="com.testcases.alertPagetc"/>
  <testcase name="logintoApp" time="1.5" classname="com.testcases.loginPagetc"/>
  <testcase name="logoutApp" time="1.72" classname="com.testcases.loginPagetc"/>
  <testcase name="invalidlog" time="0.91" classname="com.testcases.loginPagetc"/>
</testsuite> <!-- Test -->
